
ROM used: 365 (4%)
          365 (4%) including unused fragments

          1 Average locations per line
          8 Average locations per statement

RAM used: 42 (11%) at main() level
          51 (14%) worst case

Stack used: 4 worst case (out of 6 total available)

Lines Stmts  %   Files
----- ----- ---  -----
  139    48 100  nibp_2line.c
  313     0   0  ..\..\..\..\..\PROGRA~2\PICC\devices\16F877a.h
----- -----
  452    48 Total

Page ROM  %  RAM   Vol Diff  Functions:
---- --- --- ---   --- ----  ----------
0    144  39   0   183  1.8  RTCC_ISR
0     56  15   1   115  2.9  MAIN
0     54  15   0   147  1.8  system_Init
 Inline        8   392  6.0  MA_Filter_8point_ecg
 Inline        8   392  6.0  MA_Filter_8point_ppg
0     16   4   1    42  1.1  biosignal_ch_sel
0     44  12   0   228  2.7  rs232_out

Program metrics:
    Functions               7
    Statements              48
    Comments                95
    Volume (V)              2294
    Difficilty (D)          22.4
    Effort to implement (E) 51366
    Time to implement (T)   48 minutes
    Est Delivered Bugs (B)  0
    Cyclomatic Complexity   7
    Maintainability (MI)    82

 Segment     Used  Free
-----------  ----  ----
00000-00003     4  0  
00004-00032    47  0  
00033-007FF   314  1683  
00800-00FFF     0  2048  
01000-017FF     0  2048  
01800-01FFF     0  2048  



